C51 COMPILER V9.00   0                                                                     06/05/2015 18:51:07 PAGE 1   


C51 COMPILER V9.00, COMPILATION OF MODULE 0
OBJECT MODULE PLACED IN 0.OBJ
COMPILER INVOKED BY: D:\KEIL\C51\BIN\C51.EXE 0.c BROWSE DEBUG OBJECTEXTEND

line level    source

   1          #include<reg52.h>
   2          #define uint unsigned int
   3          
   4          sbit P16=P1^6;  //负极 左电机
   5          sbit P17=P1^7;  //正极 左电机
   6          sbit P20=P2^0;  //正极 右电机 
   7          sbit P21=P2^1;  //负极 右电机  
   8          sbit LED1=P2^2; //左边的led灯亮
   9          sbit LED2=P2^3; //中间的led灯亮
  10          sbit LED3=P2^4; //右边的led灯亮
  11          sbit yi=P1^0;   //右边数第1个红外对管
  12          sbit er=P1^1;   //右边数第2个红外对管
  13          sbit san=P1^2;  //右边数第3个红外对管
  14          sbit si=P1^3;   //右边数第4个红外对管
  15          sbit light=P1^4;//光电开关
  16          sbit P26=P2^6;
  17          sbit P27=P2^7;
  18          
  19          void delayms(uint xms)
  20          {
  21   1              uint i,j;
  22   1              for(i=xms;i>0;i--)
  23   1                      for(j=110;j>0;j--);
  24   1      }
  25          
  26          void left()     //左转(右电机转)
  27          {
  28   1              P16=1;P17=1;P20=1;P21=0;
  29   1              delayms(10);
  30   1              P16=1;P17=1;P20=1;P21=1;
  31   1              LED1=0; //左边的led灯亮
  32   1              delayms(10);
  33   1              LED1=1;
  34   1              delayms(5);
  35   1      
  36   1      
  37   1      }
  38          
  39          void go()       //前进
  40          {
  41   1              P16=0;P17=1;P20=1;P21=0;
  42   1              delayms(25);
  43   1              P16=1;P17=1;P20=1;P21=1;
  44   1              LED1=0;LED2=0;LED3=0;   //三个灯全亮
  45   1              delayms(10);
  46   1              LED1=1;LED2=1;LED3=1;   //三个灯全灭
  47   1              delayms(5);
  48   1      }
  49          
  50          void right()    //右转(左电机转)
  51          {
  52   1              P16=0;P17=1;P20=1;P21=1;
  53   1              delayms(10);
  54   1              P16=1;P17=1;P20=1;P21=1;
  55   1              LED3=0; //右边的led灯亮
C51 COMPILER V9.00   0                                                                     06/05/2015 18:51:07 PAGE 2   

  56   1              delayms(10);
  57   1              LED3=1;
  58   1              delayms(5) ;    
  59   1      
  60   1              P16=0;P17=1;P20=1;P21=0;
  61   1              delayms(10);
  62   1              P16=1;P17=1;P20=1;P21=1;
  63   1              LED1=0;LED2=0;LED3=0;   //三个灯全亮
  64   1              delayms(10);
  65   1              LED1=1;LED2=1;LED3=1;   //三个灯全灭
  66   1              delayms(5);
  67   1      }
  68          
  69          void back()
  70          {
  71   1              P16=1;P17=1;P20=1;P21=1;
  72   1              delayms(500);
  73   1              P16=1;P17=0;P20=0;P21=1;
  74   1              delayms(1000);
  75   1              while(1)
  76   1              {
  77   2                      P16=1;P17=1;P20=1;P21=1;
  78   2              }
  79   1      }
  80          
  81          void main(void)
  82          {   
  83   1              while(1)
  84   1              {
  85   2                      P26=1;
  86   2                      P27=1;
  87   2                      if(light==0)
  88   2                      {
  89   3                              P16=1;P17=1;P20=1;P21=0;  //左拐
  90   3                              delayms(700);
  91   3                              P16=1;P17=1;P20=1;P21=1;
  92   3                              P16=0;P17=1;P20=1;P21=0;  //直行
  93   3                              delayms(1000);
  94   3                              P16=1;P17=1;P20=1;P21=1;
  95   3                              P16=0;P17=1;P20=1;P21=1;  //右拐
  96   3                              delayms(500);
  97   3                              P16=1;P17=1;P20=1;P21=1;
  98   3                              P16=0;P17=1;P20=1;P21=0;  //直行
  99   3                              delayms(1500);
 100   3                              P16=1;P17=1;P20=1;P21=1;
 101   3                              P16=0;P17=1;P20=1;P21=1;  //右拐
 102   3                              delayms(500);
 103   3                              P16=1;P17=1;P20=1;P21=1;
 104   3                              P16=0;P17=1;P20=1;P21=0;  //直行
 105   3                              delayms(900);
 106   3                              P16=1;P17=1;P20=1;P21=1;
 107   3                              P16=1;P17=1;P20=1;P21=0;  //左拐
 108   3                              delayms(700);
 109   3                              P16=1;P17=1;P20=1;P21=1;        
 110   3                      }
 111   2                      if(light==1)
 112   2                      {
 113   3                              if(er==1&&san==0&&si==0)
 114   3                              right();
 115   3                              else if(yi==1&&san==0&&si==0)
 116   3                              right();
 117   3                              else if(san==1&&er==0&&yi==0)
C51 COMPILER V9.00   0                                                                     06/05/2015 18:51:07 PAGE 3   

 118   3                              left();
 119   3                              else if(si==1&&yi==0&&er==0)
 120   3                              left();
 121   3                              else if(yi==0&&er==1&&san==1)
 122   3                              go();
 123   3                              else if(si==0&&er==1&&san==1)
 124   3                              go();
 125   3                              else if(er==1&&san==1&&si==1)
 126   3                              back();
 127   3                              else if(yi==1&&er==1&&san==1)
 128   3                              back();
 129   3                              else
 130   3                              go();
 131   3                      }
 132   2              }
 133   1      }


MODULE INFORMATION:   STATIC OVERLAYABLE
   CODE SIZE        =    496    ----
   CONSTANT SIZE    =   ----    ----
   XDATA SIZE       =   ----    ----
   PDATA SIZE       =   ----    ----
   DATA SIZE        =   ----    ----
   IDATA SIZE       =   ----    ----
   BIT SIZE         =   ----    ----
END OF MODULE INFORMATION.


C51 COMPILATION COMPLETE.  0 WARNING(S),  0 ERROR(S)
